2024-10-06 19:14:23,006 - WDM - INFO - ====== WebDriver manager ======
2024-10-06 19:14:25,392 - WDM - INFO - Get LATEST chromedriver version for google-chrome
2024-10-06 19:14:25,394 - urllib3.connectionpool - DEBUG - Starting new HTTPS connection (1): googlechromelabs.github.io:443
2024-10-06 19:14:25,502 - urllib3.connectionpool - DEBUG - https://googlechromelabs.github.io:443 "GET /chrome-for-testing/latest-patch-versions-per-build.json HTTP/11" 200 7600
2024-10-06 19:14:25,506 - WDM - INFO - Get LATEST chromedriver version for google-chrome
2024-10-06 19:14:25,507 - urllib3.connectionpool - DEBUG - Starting new HTTPS connection (1): googlechromelabs.github.io:443
2024-10-06 19:14:25,568 - urllib3.connectionpool - DEBUG - https://googlechromelabs.github.io:443 "GET /chrome-for-testing/latest-patch-versions-per-build.json HTTP/11" 200 7600
2024-10-06 19:14:25,571 - WDM - INFO - There is no [win64] chromedriver "129.0.6668.89" for browser google-chrome "129.0.6668" in cache
2024-10-06 19:14:25,571 - WDM - INFO - Get LATEST chromedriver version for google-chrome
2024-10-06 19:14:25,572 - urllib3.connectionpool - DEBUG - Starting new HTTPS connection (1): googlechromelabs.github.io:443
2024-10-06 19:14:25,641 - urllib3.connectionpool - DEBUG - https://googlechromelabs.github.io:443 "GET /chrome-for-testing/latest-patch-versions-per-build.json HTTP/11" 200 7600
2024-10-06 19:14:25,649 - urllib3.connectionpool - DEBUG - Starting new HTTPS connection (1): googlechromelabs.github.io:443
2024-10-06 19:14:25,723 - urllib3.connectionpool - DEBUG - https://googlechromelabs.github.io:443 "GET /chrome-for-testing/known-good-versions-with-downloads.json HTTP/11" 200 60030
2024-10-06 19:14:25,773 - WDM - INFO - WebDriver version 129.0.6668.89 selected
2024-10-06 19:14:25,775 - WDM - INFO - Modern chrome version https://storage.googleapis.com/chrome-for-testing-public/129.0.6668.89/win32/chromedriver-win32.zip
2024-10-06 19:14:25,775 - WDM - INFO - About to download new driver from https://storage.googleapis.com/chrome-for-testing-public/129.0.6668.89/win32/chromedriver-win32.zip
2024-10-06 19:14:25,777 - urllib3.connectionpool - DEBUG - Starting new HTTPS connection (1): storage.googleapis.com:443
2024-10-06 19:14:26,071 - urllib3.connectionpool - DEBUG - https://storage.googleapis.com:443 "GET /chrome-for-testing-public/129.0.6668.89/win32/chromedriver-win32.zip HTTP/11" 200 8480756
2024-10-06 19:14:26,071 - WDM - INFO - Driver downloading response is 200
2024-10-06 19:14:27,681 - WDM - INFO - Get LATEST chromedriver version for google-chrome
2024-10-06 19:14:27,684 - urllib3.connectionpool - DEBUG - Starting new HTTPS connection (1): googlechromelabs.github.io:443
2024-10-06 19:14:27,755 - urllib3.connectionpool - DEBUG - https://googlechromelabs.github.io:443 "GET /chrome-for-testing/latest-patch-versions-per-build.json HTTP/11" 200 7600
2024-10-06 19:14:27,893 - WDM - INFO - Driver has been saved in cache [C:\Users\DELL\.wdm\drivers\chromedriver\win64\129.0.6668.89]
2024-10-06 19:14:28,704 - selenium.webdriver.common.service - DEBUG - Started executable: `C:\Users\DELL\.wdm\drivers\chromedriver\win64\129.0.6668.89\chromedriver-win32/chromedriver.exe` in a child process with pid: 14252
2024-10-06 19:14:29,220 - selenium.webdriver.remote.remote_connection - DEBUG - POST http://localhost:55359/session {"capabilities": {"firstMatch": [{}], "alwaysMatch": {"browserName": "chrome", "pageLoadStrategy": "normal", "goog:chromeOptions": {"excludeSwitches": ["enable-automation", "enable-logging"], "prefs": {"profile.default_content_setting_values.images": 2, "profile.managed_default_content_settings.stylesheets": 2}, "extensions": [], "args": ["--start-maximized", "--no-sandbox", "--disable-dev-shm-usage", "--ignore-certificate-errors", "--disable-extensions", "--disable-gpu", "window-size=1200x800", "--disable-background-timer-throttling", "--disable-backgrounding-occluded-windows", "--disable-translate", "--disable-popup-blocking", "--no-first-run", "--no-default-browser-check", "--disable-logging", "--disable-autofill", "--disable-plugins", "--disable-animations", "--disable-cache", "--user-data-dir=C:\\Users\\DELL\\JobsApp\\chrome_profile", "--profile-directory=linkedin_profile"]}}}}
2024-10-06 19:14:29,222 - urllib3.connectionpool - DEBUG - Starting new HTTP connection (1): localhost:55359
2024-10-06 19:14:30,693 - urllib3.connectionpool - DEBUG - http://localhost:55359 "POST /session HTTP/11" 200 0
2024-10-06 19:14:30,693 - selenium.webdriver.remote.remote_connection - DEBUG - Remote response: status=200 | data={"value":{"capabilities":{"acceptInsecureCerts":false,"browserName":"chrome","browserVersion":"129.0.6668.90","chrome":{"chromedriverVersion":"129.0.6668.89 (951c0b97221f8d4ba37cf97d324505c832251cf9-refs/branch-heads/6668@{#1503})","userDataDir":"C:\\Users\\DELL\\JobsApp\\chrome_profile"},"fedcm:accounts":true,"goog:chromeOptions":{"debuggerAddress":"localhost:55362"},"networkConnectionEnabled":false,"pageLoadStrategy":"normal","platformName":"windows","proxy":{},"setWindowRect":true,"strictFileInteractability":false,"timeouts":{"implicit":0,"pageLoad":300000,"script":30000},"unhandledPromptBehavior":"dismiss and notify","webauthn:extension:credBlob":true,"webauthn:extension:largeBlob":true,"webauthn:extension:minPinLength":true,"webauthn:extension:prf":true,"webauthn:virtualAuthenticators":true},"sessionId":"86f57485ef72dbdfb383fab5de5ba7f7"}} | headers=HTTPHeaderDict({'Content-Length': '856', 'Content-Type': 'application/json; charset=utf-8', 'cache-control': 'no-cache'})
2024-10-06 19:14:30,693 - selenium.webdriver.remote.remote_connection - DEBUG - Finished Request
2024-10-06 19:14:33,213 - selenium.webdriver.remote.remote_connection - DEBUG - POST http://localhost:55359/session/86f57485ef72dbdfb383fab5de5ba7f7/url {"url": "https://www.linkedin.com/feed"}
2024-10-06 19:14:35,729 - urllib3.connectionpool - DEBUG - http://localhost:55359 "POST /session/86f57485ef72dbdfb383fab5de5ba7f7/url HTTP/11" 200 0
2024-10-06 19:14:35,730 - selenium.webdriver.remote.remote_connection - DEBUG - Remote response: status=200 | data={"value":null} | headers=HTTPHeaderDict({'Content-Length': '14', 'Content-Type': 'application/json; charset=utf-8', 'cache-control': 'no-cache'})
2024-10-06 19:14:35,730 - selenium.webdriver.remote.remote_connection - DEBUG - Finished Request
2024-10-06 19:14:35,731 - selenium.webdriver.remote.remote_connection - DEBUG - POST http://localhost:55359/session/86f57485ef72dbdfb383fab5de5ba7f7/element {"using": "css selector", "value": ".share-box-feed-entry__trigger"}
2024-10-06 19:14:35,840 - urllib3.connectionpool - DEBUG - http://localhost:55359 "POST /session/86f57485ef72dbdfb383fab5de5ba7f7/element HTTP/11" 404 0
2024-10-06 19:14:35,840 - selenium.webdriver.remote.remote_connection - DEBUG - Remote response: status=404 | data={"value":{"error":"no such element","message":"no such element: Unable to locate element: {\"method\":\"css selector\",\"selector\":\".share-box-feed-entry__trigger\"}\n  (Session info: chrome=129.0.6668.90)","stacktrace":"\tGetHandleVerifier [0x00F77143+25587]\n\t(No symbol) [0x00F0A2E4]\n\t(No symbol) [0x00E02113]\n\t(No symbol) [0x00E46F62]\n\t(No symbol) [0x00E471AB]\n\t(No symbol) [0x00E87852]\n\t(No symbol) [0x00E6ABE4]\n\t(No symbol) [0x00E85370]\n\t(No symbol) [0x00E6A936]\n\t(No symbol) [0x00E3BA73]\n\t(No symbol) [0x00E3C4CD]\n\tGetHandleVerifier [0x01254C63+3030803]\n\tGetHandleVerifier [0x012A6B99+3366473]\n\tGetHandleVerifier [0x010095F2+624802]\n\tGetHandleVerifier [0x01010E6C+655644]\n\t(No symbol) [0x00F12C9D]\n\t(No symbol) [0x00F0FD68]\n\t(No symbol) [0x00F0FF05]\n\t(No symbol) [0x00F02336]\n\tBaseThreadInitThunk [0x76FEFCC9+25]\n\tRtlGetAppContainerNamedObjectPath [0x77807B1E+286]\n\tRtlGetAppContainerNamedObjectPath [0x77807AEE+238]\n"}} | headers=HTTPHeaderDict({'Content-Length': '971', 'Content-Type': 'application/json; charset=utf-8', 'cache-control': 'no-cache'})
2024-10-06 19:14:35,840 - selenium.webdriver.remote.remote_connection - DEBUG - Finished Request
2024-10-06 19:14:36,345 - selenium.webdriver.remote.remote_connection - DEBUG - POST http://localhost:55359/session/86f57485ef72dbdfb383fab5de5ba7f7/element {"using": "css selector", "value": ".share-box-feed-entry__trigger"}
2024-10-06 19:14:36,372 - urllib3.connectionpool - DEBUG - http://localhost:55359 "POST /session/86f57485ef72dbdfb383fab5de5ba7f7/element HTTP/11" 404 0
2024-10-06 19:14:36,373 - selenium.webdriver.remote.remote_connection - DEBUG - Remote response: status=404 | data={"value":{"error":"no such element","message":"no such element: Unable to locate element: {\"method\":\"css selector\",\"selector\":\".share-box-feed-entry__trigger\"}\n  (Session info: chrome=129.0.6668.90)","stacktrace":"\tGetHandleVerifier [0x00F77143+25587]\n\t(No symbol) [0x00F0A2E4]\n\t(No symbol) [0x00E02113]\n\t(No symbol) [0x00E46F62]\n\t(No symbol) [0x00E471AB]\n\t(No symbol) [0x00E87852]\n\t(No symbol) [0x00E6ABE4]\n\t(No symbol) [0x00E85370]\n\t(No symbol) [0x00E6A936]\n\t(No symbol) [0x00E3BA73]\n\t(No symbol) [0x00E3C4CD]\n\tGetHandleVerifier [0x01254C63+3030803]\n\tGetHandleVerifier [0x012A6B99+3366473]\n\tGetHandleVerifier [0x010095F2+624802]\n\tGetHandleVerifier [0x01010E6C+655644]\n\t(No symbol) [0x00F12C9D]\n\t(No symbol) [0x00F0FD68]\n\t(No symbol) [0x00F0FF05]\n\t(No symbol) [0x00F02336]\n\tBaseThreadInitThunk [0x76FEFCC9+25]\n\tRtlGetAppContainerNamedObjectPath [0x77807B1E+286]\n\tRtlGetAppContainerNamedObjectPath [0x77807AEE+238]\n"}} | headers=HTTPHeaderDict({'Content-Length': '971', 'Content-Type': 'application/json; charset=utf-8', 'cache-control': 'no-cache'})
2024-10-06 19:14:36,373 - selenium.webdriver.remote.remote_connection - DEBUG - Finished Request
2024-10-06 19:14:36,879 - selenium.webdriver.remote.remote_connection - DEBUG - POST http://localhost:55359/session/86f57485ef72dbdfb383fab5de5ba7f7/element {"using": "css selector", "value": ".share-box-feed-entry__trigger"}
2024-10-06 19:14:36,887 - urllib3.connectionpool - DEBUG - http://localhost:55359 "POST /session/86f57485ef72dbdfb383fab5de5ba7f7/element HTTP/11" 404 0
2024-10-06 19:14:36,888 - selenium.webdriver.remote.remote_connection - DEBUG - Remote response: status=404 | data={"value":{"error":"no such element","message":"no such element: Unable to locate element: {\"method\":\"css selector\",\"selector\":\".share-box-feed-entry__trigger\"}\n  (Session info: chrome=129.0.6668.90)","stacktrace":"\tGetHandleVerifier [0x00F77143+25587]\n\t(No symbol) [0x00F0A2E4]\n\t(No symbol) [0x00E02113]\n\t(No symbol) [0x00E46F62]\n\t(No symbol) [0x00E471AB]\n\t(No symbol) [0x00E87852]\n\t(No symbol) [0x00E6ABE4]\n\t(No symbol) [0x00E85370]\n\t(No symbol) [0x00E6A936]\n\t(No symbol) [0x00E3BA73]\n\t(No symbol) [0x00E3C4CD]\n\tGetHandleVerifier [0x01254C63+3030803]\n\tGetHandleVerifier [0x012A6B99+3366473]\n\tGetHandleVerifier [0x010095F2+624802]\n\tGetHandleVerifier [0x01010E6C+655644]\n\t(No symbol) [0x00F12C9D]\n\t(No symbol) [0x00F0FD68]\n\t(No symbol) [0x00F0FF05]\n\t(No symbol) [0x00F02336]\n\tBaseThreadInitThunk [0x76FEFCC9+25]\n\tRtlGetAppContainerNamedObjectPath [0x77807B1E+286]\n\tRtlGetAppContainerNamedObjectPath [0x77807AEE+238]\n"}} | headers=HTTPHeaderDict({'Content-Length': '971', 'Content-Type': 'application/json; charset=utf-8', 'cache-control': 'no-cache'})
2024-10-06 19:14:36,888 - selenium.webdriver.remote.remote_connection - DEBUG - Finished Request
2024-10-06 19:14:37,396 - selenium.webdriver.remote.remote_connection - DEBUG - POST http://localhost:55359/session/86f57485ef72dbdfb383fab5de5ba7f7/element {"using": "css selector", "value": ".share-box-feed-entry__trigger"}
2024-10-06 19:14:37,427 - urllib3.connectionpool - DEBUG - http://localhost:55359 "POST /session/86f57485ef72dbdfb383fab5de5ba7f7/element HTTP/11" 404 0
2024-10-06 19:14:37,427 - selenium.webdriver.remote.remote_connection - DEBUG - Remote response: status=404 | data={"value":{"error":"no such element","message":"no such element: Unable to locate element: {\"method\":\"css selector\",\"selector\":\".share-box-feed-entry__trigger\"}\n  (Session info: chrome=129.0.6668.90)","stacktrace":"\tGetHandleVerifier [0x00F77143+25587]\n\t(No symbol) [0x00F0A2E4]\n\t(No symbol) [0x00E02113]\n\t(No symbol) [0x00E46F62]\n\t(No symbol) [0x00E471AB]\n\t(No symbol) [0x00E87852]\n\t(No symbol) [0x00E6ABE4]\n\t(No symbol) [0x00E85370]\n\t(No symbol) [0x00E6A936]\n\t(No symbol) [0x00E3BA73]\n\t(No symbol) [0x00E3C4CD]\n\tGetHandleVerifier [0x01254C63+3030803]\n\tGetHandleVerifier [0x012A6B99+3366473]\n\tGetHandleVerifier [0x010095F2+624802]\n\tGetHandleVerifier [0x01010E6C+655644]\n\t(No symbol) [0x00F12C9D]\n\t(No symbol) [0x00F0FD68]\n\t(No symbol) [0x00F0FF05]\n\t(No symbol) [0x00F02336]\n\tBaseThreadInitThunk [0x76FEFCC9+25]\n\tRtlGetAppContainerNamedObjectPath [0x77807B1E+286]\n\tRtlGetAppContainerNamedObjectPath [0x77807AEE+238]\n"}} | headers=HTTPHeaderDict({'Content-Length': '971', 'Content-Type': 'application/json; charset=utf-8', 'cache-control': 'no-cache'})
2024-10-06 19:14:37,427 - selenium.webdriver.remote.remote_connection - DEBUG - Finished Request
2024-10-06 19:14:37,943 - selenium.webdriver.remote.remote_connection - DEBUG - POST http://localhost:55359/session/86f57485ef72dbdfb383fab5de5ba7f7/element {"using": "css selector", "value": ".share-box-feed-entry__trigger"}
2024-10-06 19:14:37,962 - urllib3.connectionpool - DEBUG - http://localhost:55359 "POST /session/86f57485ef72dbdfb383fab5de5ba7f7/element HTTP/11" 404 0
2024-10-06 19:14:37,962 - selenium.webdriver.remote.remote_connection - DEBUG - Remote response: status=404 | data={"value":{"error":"no such element","message":"no such element: Unable to locate element: {\"method\":\"css selector\",\"selector\":\".share-box-feed-entry__trigger\"}\n  (Session info: chrome=129.0.6668.90)","stacktrace":"\tGetHandleVerifier [0x00F77143+25587]\n\t(No symbol) [0x00F0A2E4]\n\t(No symbol) [0x00E02113]\n\t(No symbol) [0x00E46F62]\n\t(No symbol) [0x00E471AB]\n\t(No symbol) [0x00E87852]\n\t(No symbol) [0x00E6ABE4]\n\t(No symbol) [0x00E85370]\n\t(No symbol) [0x00E6A936]\n\t(No symbol) [0x00E3BA73]\n\t(No symbol) [0x00E3C4CD]\n\tGetHandleVerifier [0x01254C63+3030803]\n\tGetHandleVerifier [0x012A6B99+3366473]\n\tGetHandleVerifier [0x010095F2+624802]\n\tGetHandleVerifier [0x01010E6C+655644]\n\t(No symbol) [0x00F12C9D]\n\t(No symbol) [0x00F0FD68]\n\t(No symbol) [0x00F0FF05]\n\t(No symbol) [0x00F02336]\n\tBaseThreadInitThunk [0x76FEFCC9+25]\n\tRtlGetAppContainerNamedObjectPath [0x77807B1E+286]\n\tRtlGetAppContainerNamedObjectPath [0x77807AEE+238]\n"}} | headers=HTTPHeaderDict({'Content-Length': '971', 'Content-Type': 'application/json; charset=utf-8', 'cache-control': 'no-cache'})
2024-10-06 19:14:37,963 - selenium.webdriver.remote.remote_connection - DEBUG - Finished Request
2024-10-06 19:14:38,475 - selenium.webdriver.remote.remote_connection - DEBUG - POST http://localhost:55359/session/86f57485ef72dbdfb383fab5de5ba7f7/element {"using": "css selector", "value": ".share-box-feed-entry__trigger"}
2024-10-06 19:14:38,482 - urllib3.connectionpool - DEBUG - http://localhost:55359 "POST /session/86f57485ef72dbdfb383fab5de5ba7f7/element HTTP/11" 404 0
2024-10-06 19:14:38,483 - selenium.webdriver.remote.remote_connection - DEBUG - Remote response: status=404 | data={"value":{"error":"no such element","message":"no such element: Unable to locate element: {\"method\":\"css selector\",\"selector\":\".share-box-feed-entry__trigger\"}\n  (Session info: chrome=129.0.6668.90)","stacktrace":"\tGetHandleVerifier [0x00F77143+25587]\n\t(No symbol) [0x00F0A2E4]\n\t(No symbol) [0x00E02113]\n\t(No symbol) [0x00E46F62]\n\t(No symbol) [0x00E471AB]\n\t(No symbol) [0x00E87852]\n\t(No symbol) [0x00E6ABE4]\n\t(No symbol) [0x00E85370]\n\t(No symbol) [0x00E6A936]\n\t(No symbol) [0x00E3BA73]\n\t(No symbol) [0x00E3C4CD]\n\tGetHandleVerifier [0x01254C63+3030803]\n\tGetHandleVerifier [0x012A6B99+3366473]\n\tGetHandleVerifier [0x010095F2+624802]\n\tGetHandleVerifier [0x01010E6C+655644]\n\t(No symbol) [0x00F12C9D]\n\t(No symbol) [0x00F0FD68]\n\t(No symbol) [0x00F0FF05]\n\t(No symbol) [0x00F02336]\n\tBaseThreadInitThunk [0x76FEFCC9+25]\n\tRtlGetAppContainerNamedObjectPath [0x77807B1E+286]\n\tRtlGetAppContainerNamedObjectPath [0x77807AEE+238]\n"}} | headers=HTTPHeaderDict({'Content-Length': '971', 'Content-Type': 'application/json; charset=utf-8', 'cache-control': 'no-cache'})
2024-10-06 19:14:38,483 - selenium.webdriver.remote.remote_connection - DEBUG - Finished Request
2024-10-06 19:14:38,992 - selenium.webdriver.remote.remote_connection - DEBUG - POST http://localhost:55359/session/86f57485ef72dbdfb383fab5de5ba7f7/url {"url": "https://www.linkedin.com/login"}
2024-10-06 19:14:39,630 - urllib3.connectionpool - DEBUG - http://localhost:55359 "POST /session/86f57485ef72dbdfb383fab5de5ba7f7/url HTTP/11" 200 0
2024-10-06 19:14:39,630 - selenium.webdriver.remote.remote_connection - DEBUG - Remote response: status=200 | data={"value":null} | headers=HTTPHeaderDict({'Content-Length': '14', 'Content-Type': 'application/json; charset=utf-8', 'cache-control': 'no-cache'})
2024-10-06 19:14:39,630 - selenium.webdriver.remote.remote_connection - DEBUG - Finished Request
2024-10-06 19:14:39,630 - selenium.webdriver.remote.remote_connection - DEBUG - GET http://localhost:55359/session/86f57485ef72dbdfb383fab5de5ba7f7/url {}
2024-10-06 19:14:39,646 - urllib3.connectionpool - DEBUG - http://localhost:55359 "GET /session/86f57485ef72dbdfb383fab5de5ba7f7/url HTTP/11" 200 0
2024-10-06 19:14:39,646 - selenium.webdriver.remote.remote_connection - DEBUG - Remote response: status=200 | data={"value":"https://www.linkedin.com/login"} | headers=HTTPHeaderDict({'Content-Length': '42', 'Content-Type': 'application/json; charset=utf-8', 'cache-control': 'no-cache'})
2024-10-06 19:14:39,646 - selenium.webdriver.remote.remote_connection - DEBUG - Finished Request
2024-10-06 19:14:39,647 - selenium.webdriver.remote.remote_connection - DEBUG - GET http://localhost:55359/session/86f57485ef72dbdfb383fab5de5ba7f7/url {}
2024-10-06 19:14:39,651 - urllib3.connectionpool - DEBUG - http://localhost:55359 "GET /session/86f57485ef72dbdfb383fab5de5ba7f7/url HTTP/11" 200 0
2024-10-06 19:14:39,651 - selenium.webdriver.remote.remote_connection - DEBUG - Remote response: status=200 | data={"value":"https://www.linkedin.com/login"} | headers=HTTPHeaderDict({'Content-Length': '42', 'Content-Type': 'application/json; charset=utf-8', 'cache-control': 'no-cache'})
2024-10-06 19:14:39,651 - selenium.webdriver.remote.remote_connection - DEBUG - Finished Request
2024-10-06 19:14:39,653 - selenium.webdriver.remote.remote_connection - DEBUG - POST http://localhost:55359/session/86f57485ef72dbdfb383fab5de5ba7f7/element {"using": "css selector", "value": "[id=\"password\"]"}
2024-10-06 19:14:39,666 - urllib3.connectionpool - DEBUG - http://localhost:55359 "POST /session/86f57485ef72dbdfb383fab5de5ba7f7/element HTTP/11" 200 0
2024-10-06 19:14:39,666 - selenium.webdriver.remote.remote_connection - DEBUG - Remote response: status=200 | data={"value":{"element-6066-11e4-a52e-4f735466cecf":"f.BE760A9196AEB1225DCB46508EC20A67.d.6EBD78FF974604A2360B4658301F21CB.e.60"}} | headers=HTTPHeaderDict({'Content-Length': '126', 'Content-Type': 'application/json; charset=utf-8', 'cache-control': 'no-cache'})
2024-10-06 19:14:39,666 - selenium.webdriver.remote.remote_connection - DEBUG - Finished Request
2024-10-06 19:14:43,670 - selenium.webdriver.remote.remote_connection - DEBUG - GET http://localhost:55359/session/86f57485ef72dbdfb383fab5de5ba7f7/url {}
2024-10-06 19:14:43,676 - urllib3.connectionpool - DEBUG - http://localhost:55359 "GET /session/86f57485ef72dbdfb383fab5de5ba7f7/url HTTP/11" 200 0
2024-10-06 19:14:43,676 - selenium.webdriver.remote.remote_connection - DEBUG - Remote response: status=200 | data={"value":"https://www.linkedin.com/login"} | headers=HTTPHeaderDict({'Content-Length': '42', 'Content-Type': 'application/json; charset=utf-8', 'cache-control': 'no-cache'})
2024-10-06 19:14:43,676 - selenium.webdriver.remote.remote_connection - DEBUG - Finished Request
2024-10-06 19:14:43,677 - selenium.webdriver.remote.remote_connection - DEBUG - POST http://localhost:55359/session/86f57485ef72dbdfb383fab5de5ba7f7/element {"using": "css selector", "value": "[id=\"password\"]"}
2024-10-06 19:14:43,684 - urllib3.connectionpool - DEBUG - http://localhost:55359 "POST /session/86f57485ef72dbdfb383fab5de5ba7f7/element HTTP/11" 200 0
2024-10-06 19:14:43,685 - selenium.webdriver.remote.remote_connection - DEBUG - Remote response: status=200 | data={"value":{"element-6066-11e4-a52e-4f735466cecf":"f.BE760A9196AEB1225DCB46508EC20A67.d.6EBD78FF974604A2360B4658301F21CB.e.60"}} | headers=HTTPHeaderDict({'Content-Length': '126', 'Content-Type': 'application/json; charset=utf-8', 'cache-control': 'no-cache'})
2024-10-06 19:14:43,685 - selenium.webdriver.remote.remote_connection - DEBUG - Finished Request
2024-10-06 19:14:47,692 - selenium.webdriver.remote.remote_connection - DEBUG - GET http://localhost:55359/session/86f57485ef72dbdfb383fab5de5ba7f7/url {}
2024-10-06 19:14:47,696 - urllib3.connectionpool - DEBUG - http://localhost:55359 "GET /session/86f57485ef72dbdfb383fab5de5ba7f7/url HTTP/11" 200 0
2024-10-06 19:14:47,696 - selenium.webdriver.remote.remote_connection - DEBUG - Remote response: status=200 | data={"value":"https://www.linkedin.com/login"} | headers=HTTPHeaderDict({'Content-Length': '42', 'Content-Type': 'application/json; charset=utf-8', 'cache-control': 'no-cache'})
2024-10-06 19:14:47,696 - selenium.webdriver.remote.remote_connection - DEBUG - Finished Request
2024-10-06 19:14:47,697 - selenium.webdriver.remote.remote_connection - DEBUG - POST http://localhost:55359/session/86f57485ef72dbdfb383fab5de5ba7f7/element {"using": "css selector", "value": "[id=\"password\"]"}
2024-10-06 19:14:47,705 - urllib3.connectionpool - DEBUG - http://localhost:55359 "POST /session/86f57485ef72dbdfb383fab5de5ba7f7/element HTTP/11" 200 0
2024-10-06 19:14:47,705 - selenium.webdriver.remote.remote_connection - DEBUG - Remote response: status=200 | data={"value":{"element-6066-11e4-a52e-4f735466cecf":"f.BE760A9196AEB1225DCB46508EC20A67.d.6EBD78FF974604A2360B4658301F21CB.e.60"}} | headers=HTTPHeaderDict({'Content-Length': '126', 'Content-Type': 'application/json; charset=utf-8', 'cache-control': 'no-cache'})
2024-10-06 19:14:47,705 - selenium.webdriver.remote.remote_connection - DEBUG - Finished Request
2024-10-06 19:14:51,722 - selenium.webdriver.remote.remote_connection - DEBUG - GET http://localhost:55359/session/86f57485ef72dbdfb383fab5de5ba7f7/url {}
2024-10-06 19:14:51,732 - urllib3.connectionpool - DEBUG - http://localhost:55359 "GET /session/86f57485ef72dbdfb383fab5de5ba7f7/url HTTP/11" 200 0
2024-10-06 19:14:51,733 - selenium.webdriver.remote.remote_connection - DEBUG - Remote response: status=200 | data={"value":"https://www.linkedin.com/login"} | headers=HTTPHeaderDict({'Content-Length': '42', 'Content-Type': 'application/json; charset=utf-8', 'cache-control': 'no-cache'})
2024-10-06 19:14:51,733 - selenium.webdriver.remote.remote_connection - DEBUG - Finished Request
2024-10-06 19:14:51,733 - selenium.webdriver.remote.remote_connection - DEBUG - POST http://localhost:55359/session/86f57485ef72dbdfb383fab5de5ba7f7/element {"using": "css selector", "value": "[id=\"password\"]"}
2024-10-06 19:14:51,743 - urllib3.connectionpool - DEBUG - http://localhost:55359 "POST /session/86f57485ef72dbdfb383fab5de5ba7f7/element HTTP/11" 200 0
2024-10-06 19:14:51,743 - selenium.webdriver.remote.remote_connection - DEBUG - Remote response: status=200 | data={"value":{"element-6066-11e4-a52e-4f735466cecf":"f.BE760A9196AEB1225DCB46508EC20A67.d.6EBD78FF974604A2360B4658301F21CB.e.60"}} | headers=HTTPHeaderDict({'Content-Length': '126', 'Content-Type': 'application/json; charset=utf-8', 'cache-control': 'no-cache'})
2024-10-06 19:14:51,743 - selenium.webdriver.remote.remote_connection - DEBUG - Finished Request
2024-10-06 19:14:55,755 - selenium.webdriver.remote.remote_connection - DEBUG - GET http://localhost:55359/session/86f57485ef72dbdfb383fab5de5ba7f7/url {}
2024-10-06 19:14:55,759 - urllib3.connectionpool - DEBUG - http://localhost:55359 "GET /session/86f57485ef72dbdfb383fab5de5ba7f7/url HTTP/11" 200 0
2024-10-06 19:14:55,759 - selenium.webdriver.remote.remote_connection - DEBUG - Remote response: status=200 | data={"value":"https://www.linkedin.com/login"} | headers=HTTPHeaderDict({'Content-Length': '42', 'Content-Type': 'application/json; charset=utf-8', 'cache-control': 'no-cache'})
2024-10-06 19:14:55,759 - selenium.webdriver.remote.remote_connection - DEBUG - Finished Request
2024-10-06 19:14:55,760 - selenium.webdriver.remote.remote_connection - DEBUG - POST http://localhost:55359/session/86f57485ef72dbdfb383fab5de5ba7f7/element {"using": "css selector", "value": "[id=\"password\"]"}
2024-10-06 19:14:55,769 - urllib3.connectionpool - DEBUG - http://localhost:55359 "POST /session/86f57485ef72dbdfb383fab5de5ba7f7/element HTTP/11" 200 0
2024-10-06 19:14:55,769 - selenium.webdriver.remote.remote_connection - DEBUG - Remote response: status=200 | data={"value":{"element-6066-11e4-a52e-4f735466cecf":"f.BE760A9196AEB1225DCB46508EC20A67.d.6EBD78FF974604A2360B4658301F21CB.e.60"}} | headers=HTTPHeaderDict({'Content-Length': '126', 'Content-Type': 'application/json; charset=utf-8', 'cache-control': 'no-cache'})
2024-10-06 19:14:55,769 - selenium.webdriver.remote.remote_connection - DEBUG - Finished Request
